<?xml version="1.0" encoding="UTF-8"?>
<!-- Generated by org.testng.reporters.JUnitXMLReporter -->
<testsuite ignored="6" hostname="DESKTOP-19LVQHB" failures="0" tests="2" name="LoginTests" time="0.204" errors="0" timestamp="2025-05-20T18:47:00 IST">
  <testcase classname="testNGGroupingTests.paymentMethods" name="paymentInCash" time="0.027"/>
  <testcase classname="testNGGroupingTests.paymentMethods" name="paymentInCard" time="0.004"/>
  <testcase classname="testNGGroupingTests.signUpTests" name="signupByFacebook" time="0.0">
    <ignored/>
  </testcase> <!-- signupByFacebook -->
  <testcase classname="testNGGroupingTests.signUpTests" name="signupByEmail" time="0.0">
    <ignored/>
  </testcase> <!-- signupByEmail -->
  <testcase classname="testNGGroupingTests.LoginTests" name="loginByInstagram" time="0.0">
    <ignored/>
  </testcase> <!-- loginByInstagram -->
  <testcase classname="testNGGroupingTests.LoginTests" name="loginByEmail" time="0.0">
    <ignored/>
  </testcase> <!-- loginByEmail -->
  <testcase classname="testNGGroupingTests.signUpTests" name="signupByInstagram" time="0.0">
    <ignored/>
  </testcase> <!-- signupByInstagram -->
  <testcase classname="testNGGroupingTests.LoginTests" name="loginByFacebook" time="0.0">
    <ignored/>
  </testcase> <!-- loginByFacebook -->
</testsuite> <!-- LoginTests -->
