<?xml version="1.0" encoding="UTF-8"?>
<!-- Generated by org.testng.reporters.JUnitXMLReporter -->
<testsuite ignored="0" hostname="DESKTOP-19LVQHB" failures="1" tests="1" name="Test5" time="9.761" errors="0" timestamp="2025-06-06T17:14:15 IST">
  <testcase classname="rxPeptideTestCases.copy.RegistrationTest" name="registrationTest" time="0.002">
    <failure type="java.lang.NullPointerException" message="Cannot invoke &amp;quot;org.openqa.selenium.WebDriver.findElement(org.openqa.selenium.By)&amp;quot; because &amp;quot;this.driver&amp;quot; is null">
      <![CDATA[java.lang.NullPointerException: Cannot invoke "org.openqa.selenium.WebDriver.findElement(org.openqa.selenium.By)" because "this.driver" is null
at rxPeptideTestCases.copy.RegistrationTest.registrationTest(RegistrationTest.java:15)
at java.base/java.util.ArrayList.forEach(ArrayList.java:1511)
... Removed 27 stack frames]]>
    </failure>
  </testcase> <!-- registrationTest -->
</testsuite> <!-- Test5 -->
