<?xml version="1.0" encoding="UTF-8"?>
<!-- Generated by org.testng.reporters.JUnitXMLReporter -->
<testsuite ignored="0" hostname="DESKTOP-19LVQHB" failures="1" tests="1" name="Test4" time="9.005" errors="0" timestamp="2025-06-06T17:14:05 IST">
  <testcase classname="rxPeptideTestCases.copy.RemoveFromCart" name="removeFromCart" time="0.003">
    <failure type="java.lang.NullPointerException" message="Cannot invoke &amp;quot;org.openqa.selenium.WebDriver.manage()&amp;quot; because &amp;quot;this.driver&amp;quot; is null">
      <![CDATA[java.lang.NullPointerException: Cannot invoke "org.openqa.selenium.WebDriver.manage()" because "this.driver" is null
at rxPeptideTestCases.copy.RemoveFromCart.removeFromCart(RemoveFromCart.java:19)
at java.base/java.util.ArrayList.forEach(ArrayList.java:1511)
... Removed 27 stack frames]]>
    </failure>
  </testcase> <!-- removeFromCart -->
</testsuite> <!-- Test4 -->
