<?xml version="1.0" encoding="UTF-8"?>
<!-- Generated by org.testng.reporters.JUnitXMLReporter -->
<testsuite ignored="0" hostname="DESKTOP-19LVQHB" failures="2" tests="6" name="Test" time="168.608" errors="0" timestamp="2025-06-09T11:34:43 IST">
  <testcase classname="rxPeptideTestCases.AddToCartTest" name="addToCartTest" time="3.216">
    <failure type="org.openqa.selenium.ElementClickInterceptedException" message="element click intercepted: Element &amp;lt;a href=&amp;quot;https://rxpeptides.webgen.me/my-account/&amp;quot;&amp;gt;...&amp;lt;/a&amp;gt; is not clickable at point (1183, 32). Other element would receive the click: &amp;lt;div id=&amp;quot;pum-2037&amp;quot; role=&amp;quot;dialog&amp;quot; aria-modal=&amp;quot;false&amp;quot; class=&amp;quot;pum pum-overlay pum-theme-1783 pum-theme-cutting-edge popmake-overlay pum-accessibility-disabled auto_open click_open pum-active&amp;quot; data-popmake=&amp;quot;{&amp;amp;quot;id&amp;amp;quot;:2037,&amp;amp;quot;slug&amp;amp;quot;:&amp;amp;quot;default-open&amp;amp;quot;,&amp;amp;quot;theme_id&amp;amp;quot;:1783,&amp;amp;quot;cookies&amp;amp;quot;:[{&amp;amp;quot;event&amp;amp;quot;:&amp;amp;quot;on_popup_close&amp;amp;quot;,&amp;amp;quot;settings&amp;amp;quot;:{&amp;amp;quot;name&amp;amp;quot;:&amp;amp;quot;pum-2037&amp;amp;quot;,&amp;amp;quot;key&amp;amp;quot;:&amp;amp;quot;&amp;amp;quot;,&amp;amp;quot;session&amp;amp;quot;:null,&amp;amp;quot;path&amp;amp;quot;:true,&amp;amp;quot;time&amp;amp;quot;:&amp;amp;quot;1 day&amp;amp;quot;}}],&amp;amp;quot;triggers&amp;amp;quot;:[{&amp;amp;quot;type&amp;amp;quot;:&amp;amp;quot;auto_open&amp;amp;quot;,&amp;amp;quot;settings&amp;amp;quot;:{&amp;amp;quot;cookie_name&amp;amp;quot;:[&amp;amp;quot;pum-2037&amp;amp;quot;],&amp;amp;quot;delay&amp;amp;quot;:&amp;amp;quot;5000&amp;amp;quot;}},{&amp;amp;quot;type&amp;amp;quot;:&amp;amp;quot;click_open&amp;amp;quot;,&amp;amp;quot;settings&amp;amp;quot;:{&amp;amp;quot;extra_selectors&amp;amp;quot;:&amp;amp;quot;&amp;amp;quot;,&amp;amp;quot;cookie_name&amp;amp;quot;:null}}],&amp;amp;quot;mobile_disabled&amp;amp;quot;:null,&amp;amp;quot;tablet_disabled&amp;amp;quot;:null,&amp;amp;quot;meta&amp;amp;quot;:{&amp;amp;quot;display&amp;amp;quot;:{&amp;amp;quot;stackable&amp;amp;quot;:false,&amp;amp;quot;overlay_disabled&amp;amp;quot;:false,&amp;amp;quot;scrollable_content&amp;amp;quot;:false,&amp;amp;quot;disable_reposition&amp;amp;quot;:false,&amp;amp;quot;size&amp;amp;quot;:&amp;amp;quot;medium&amp;amp;quot;,&amp;amp;quot;responsive_min_width&amp;amp;quot;:&amp;amp;quot;0%&amp;amp;quot;,&amp;amp;quot;responsive_min_width_unit&amp;amp;quot;:false,&amp;amp;quot;responsive_max_width&amp;amp;quot;:&amp;amp;quot;100%&amp;amp;quot;,&amp;amp;quot;responsive_max_width_unit&amp;amp;quot;:false,&amp;amp;quot;custom_width&amp;amp;quot;:&amp;amp;quot;640px&amp;amp;quot;,&amp;amp;quot;custom_width_unit&amp;amp;quot;:false,&amp;amp;quot;custom_height&amp;amp;quot;:&amp;amp;quot;380px&amp;amp;quot;,&amp;amp;quot;custom_height_unit&amp;amp;quot;:false,&amp;amp;quot;custom_height_auto&amp;amp;quot;:false,&amp;amp;quot;location&amp;amp;quot;:&amp;amp;quot;center&amp;amp;quot;,&amp;amp;quot;position_from_trigger&amp;amp;quot;:false,&amp;amp;quot;position_top&amp;amp;quot;:&amp;amp;quot;100&amp;amp;quot;,&amp;amp;quot;position_left&amp;amp;quot;:&amp;amp;quot;0&amp;amp;quot;,&amp;amp;quot;position_bottom&amp;amp;quot;:&amp;amp;quot;0&amp;amp;quot;,&amp;amp;quot;position_right&amp;amp;quot;:&amp;amp;quot;0&amp;amp;quot;,&amp;amp;quot;position_fixed&amp;amp;quot;:false,&amp;amp;quot;animation_type&amp;amp;quot;:&amp;amp;quot;fade&amp;amp;quot;,&amp;amp;quot;animation_speed&amp;amp;quot;:&amp;amp;quot;350&amp;amp;quot;,&amp;amp;quot;animation_origin&amp;amp;quot;:&amp;amp;quot;center top&amp;amp;quot;,&amp;amp;quot;overlay_zindex&amp;amp;quot;:false,&amp;amp;quot;zindex&amp;amp;quot;:&amp;amp;quot;1999999999&amp;amp;quot;},&amp;amp;quot;close&amp;amp;quot;:{&amp;amp;quot;text&amp;amp;quot;:&amp;amp;quot;&amp;amp;quot;,&amp;amp;quot;button_delay&amp;amp;quot;:&amp;amp;quot;0&amp;amp;quot;,&amp;amp;quot;overlay_click&amp;amp;quot;:false,&amp;amp;quot;esc_press&amp;amp;quot;:false,&amp;amp;quot;f4_press&amp;amp;quot;:false},&amp;amp;quot;click_open&amp;amp;quot;:[]}}&amp;quot; style=&amp;quot;opacity: 1; display: block;&amp;quot;&amp;gt;...&amp;lt;/div&amp;gt;
  (Session info: chrome=131.0.6778.140)
Build info: version: &amp;apos;4.29.0&amp;apos;, revision: &amp;apos;5fc1ec94cb&amp;apos;
System info: os.name: &amp;apos;Windows 11&amp;apos;, os.arch: &amp;apos;amd64&amp;apos;, os.version: &amp;apos;10.0&amp;apos;, java.version: &amp;apos;17.0.12&amp;apos;
Driver info: org.openqa.selenium.chrome.ChromeDriver
Command: [250886ee9dd2013cfef8cf24de70bd5b, clickElement {id=f.8E8044D3BDA25D2F87202265074697E1.d.F100B3F9436B65B7B77BA04394F3F403.e.72}]
Capabilities {acceptInsecureCerts: false, browserName: chrome, browserVersion: 131.0.6778.140, chrome: {chromedriverVersion: 131.0.6778.264 (2d05e315153..., userDataDir: C:\Users\user\AppData\Local...}, fedcm:accounts: true, goog:chromeOptions: {debuggerAddress: localhost:62499}, networkConnectionEnabled: false, pageLoadStrategy: normal, platformName: windows, proxy: Proxy(), se:cdp: ws://localhost:62499/devtoo..., se:cdpVersion: 131.0.6778.140, setWindowRect: true, strictFileInteractability: false, timeouts: {implicit: 0, pageLoad: 300000, script: 30000}, unhandledPromptBehavior: dismiss and notify, webauthn:extension:credBlob: true, webauthn:extension:largeBlob: true, webauthn:extension:minPinLength: true, webauthn:extension:prf: true, webauthn:virtualAuthenticators: true}
Element: [[ChromeDriver: chrome on windows (250886ee9dd2013cfef8cf24de70bd5b)] -&amp;gt; xpath: //div[contains(@class,&amp;apos;h_account&amp;apos;)]//a]
Session ID: 250886ee9dd2013cfef8cf24de70bd5b">
      <![CDATA[org.openqa.selenium.ElementClickInterceptedException: element click intercepted: Element <a href="https://rxpeptides.webgen.me/my-account/">...</a> is not clickable at point (1183, 32). Other element would receive the click: <div id="pum-2037" role="dialog" aria-modal="false" class="pum pum-overlay pum-theme-1783 pum-theme-cutting-edge popmake-overlay pum-accessibility-disabled auto_open click_open pum-active" data-popmake="{&quot;id&quot;:2037,&quot;slug&quot;:&quot;default-open&quot;,&quot;theme_id&quot;:1783,&quot;cookies&quot;:[{&quot;event&quot;:&quot;on_popup_close&quot;,&quot;settings&quot;:{&quot;name&quot;:&quot;pum-2037&quot;,&quot;key&quot;:&quot;&quot;,&quot;session&quot;:null,&quot;path&quot;:true,&quot;time&quot;:&quot;1 day&quot;}}],&quot;triggers&quot;:[{&quot;type&quot;:&quot;auto_open&quot;,&quot;settings&quot;:{&quot;cookie_name&quot;:[&quot;pum-2037&quot;],&quot;delay&quot;:&quot;5000&quot;}},{&quot;type&quot;:&quot;click_open&quot;,&quot;settings&quot;:{&quot;extra_selectors&quot;:&quot;&quot;,&quot;cookie_name&quot;:null}}],&quot;mobile_disabled&quot;:null,&quot;tablet_disabled&quot;:null,&quot;meta&quot;:{&quot;display&quot;:{&quot;stackable&quot;:false,&quot;overlay_disabled&quot;:false,&quot;scrollable_content&quot;:false,&quot;disable_reposition&quot;:false,&quot;size&quot;:&quot;medium&quot;,&quot;responsive_min_width&quot;:&quot;0%&quot;,&quot;responsive_min_width_unit&quot;:false,&quot;responsive_max_width&quot;:&quot;100%&quot;,&quot;responsive_max_width_unit&quot;:false,&quot;custom_width&quot;:&quot;640px&quot;,&quot;custom_width_unit&quot;:false,&quot;custom_height&quot;:&quot;380px&quot;,&quot;custom_height_unit&quot;:false,&quot;custom_height_auto&quot;:false,&quot;location&quot;:&quot;center&quot;,&quot;position_from_trigger&quot;:false,&quot;position_top&quot;:&quot;100&quot;,&quot;position_left&quot;:&quot;0&quot;,&quot;position_bottom&quot;:&quot;0&quot;,&quot;position_right&quot;:&quot;0&quot;,&quot;position_fixed&quot;:false,&quot;animation_type&quot;:&quot;fade&quot;,&quot;animation_speed&quot;:&quot;350&quot;,&quot;animation_origin&quot;:&quot;center top&quot;,&quot;overlay_zindex&quot;:false,&quot;zindex&quot;:&quot;1999999999&quot;},&quot;close&quot;:{&quot;text&quot;:&quot;&quot;,&quot;button_delay&quot;:&quot;0&quot;,&quot;overlay_click&quot;:false,&quot;esc_press&quot;:false,&quot;f4_press&quot;:false},&quot;click_open&quot;:[]}}" style="opacity: 1; display: block;">...</div>
  (Session info: chrome=131.0.6778.140)
Build info: version: '4.29.0', revision: '5fc1ec94cb'
System info: os.name: 'Windows 11', os.arch: 'amd64', os.version: '10.0', java.version: '17.0.12'
Driver info: org.openqa.selenium.chrome.ChromeDriver
Command: [250886ee9dd2013cfef8cf24de70bd5b, clickElement {id=f.8E8044D3BDA25D2F87202265074697E1.d.F100B3F9436B65B7B77BA04394F3F403.e.72}]
Capabilities {acceptInsecureCerts: false, browserName: chrome, browserVersion: 131.0.6778.140, chrome: {chromedriverVersion: 131.0.6778.264 (2d05e315153..., userDataDir: C:\Users\user\AppData\Local...}, fedcm:accounts: true, goog:chromeOptions: {debuggerAddress: localhost:62499}, networkConnectionEnabled: false, pageLoadStrategy: normal, platformName: windows, proxy: Proxy(), se:cdp: ws://localhost:62499/devtoo..., se:cdpVersion: 131.0.6778.140, setWindowRect: true, strictFileInteractability: false, timeouts: {implicit: 0, pageLoad: 300000, script: 30000}, unhandledPromptBehavior: dismiss and notify, webauthn:extension:credBlob: true, webauthn:extension:largeBlob: true, webauthn:extension:minPinLength: true, webauthn:extension:prf: true, webauthn:virtualAuthenticators: true}
Element: [[ChromeDriver: chrome on windows (250886ee9dd2013cfef8cf24de70bd5b)] -> xpath: //div[contains(@class,'h_account')]//a]
Session ID: 250886ee9dd2013cfef8cf24de70bd5b
at org.openqa.selenium.remote.ErrorCodec.decode(ErrorCodec.java:167)
at org.openqa.selenium.remote.codec.w3c.W3CHttpResponseCodec.decode(W3CHttpResponseCodec.java:138)
at org.openqa.selenium.remote.codec.w3c.W3CHttpResponseCodec.decode(W3CHttpResponseCodec.java:50)
at org.openqa.selenium.remote.HttpCommandExecutor.execute(HttpCommandExecutor.java:215)
at org.openqa.selenium.remote.service.DriverCommandExecutor.invokeExecute(DriverCommandExecutor.java:216)
at org.openqa.selenium.remote.service.DriverCommandExecutor.execute(DriverCommandExecutor.java:174)
at org.openqa.selenium.remote.RemoteWebDriver.execute(RemoteWebDriver.java:545)
at org.openqa.selenium.remote.RemoteWebElement.execute(RemoteWebElement.java:223)
at org.openqa.selenium.remote.RemoteWebElement.click(RemoteWebElement.java:76)
at rxPeptideTestCases.AddToCartTest.addToCartTest(AddToCartTest.java:20)
at java.base/java.util.ArrayList.forEach(ArrayList.java:1511)
... Removed 32 stack frames]]>
    </failure>
  </testcase> <!-- addToCartTest -->
  <testcase classname="rxPeptideTestCases.PlaceOrderTest" name="placeOrderTest" time="51.724"/>
  <testcase classname="rxPeptideTestCases.LoginTest" name="loginTest" time="7.497"/>
  <testcase classname="rxPeptideTestCases.RegistrationTest" name="registrationTest" time="9.506"/>
  <testcase classname="rxPeptideTestCases.RemoveFromCart" name="removeFromCart" time="23.635"/>
  <testcase classname="rxPeptideTestCases.LogoutTest" name="logoutTest" time="3.127">
    <failure type="org.openqa.selenium.ElementClickInterceptedException" message="element click intercepted: Element &amp;lt;a href=&amp;quot;https://rxpeptides.webgen.me/my-account/&amp;quot;&amp;gt;...&amp;lt;/a&amp;gt; is not clickable at point (1191, 32). Other element would receive the click: &amp;lt;div class=&amp;quot;age-gate__background&amp;quot;&amp;gt;...&amp;lt;/div&amp;gt;
  (Session info: chrome=131.0.6778.140)
Build info: version: &amp;apos;4.29.0&amp;apos;, revision: &amp;apos;5fc1ec94cb&amp;apos;
System info: os.name: &amp;apos;Windows 11&amp;apos;, os.arch: &amp;apos;amd64&amp;apos;, os.version: &amp;apos;10.0&amp;apos;, java.version: &amp;apos;17.0.12&amp;apos;
Driver info: org.openqa.selenium.chrome.ChromeDriver
Command: [f7a2f42da49272b56534815146d833a3, clickElement {id=f.7D26B25978670B3E0EF4CA1CDDF4AE0A.d.B6FA2581FC820C2109E21578743BE0A3.e.48}]
Capabilities {acceptInsecureCerts: false, browserName: chrome, browserVersion: 131.0.6778.140, chrome: {chromedriverVersion: 131.0.6778.264 (2d05e315153..., userDataDir: C:\Users\user\AppData\Local...}, fedcm:accounts: true, goog:chromeOptions: {debuggerAddress: localhost:62641}, networkConnectionEnabled: false, pageLoadStrategy: normal, platformName: windows, proxy: Proxy(), se:cdp: ws://localhost:62641/devtoo..., se:cdpVersion: 131.0.6778.140, setWindowRect: true, strictFileInteractability: false, timeouts: {implicit: 0, pageLoad: 300000, script: 30000}, unhandledPromptBehavior: dismiss and notify, webauthn:extension:credBlob: true, webauthn:extension:largeBlob: true, webauthn:extension:minPinLength: true, webauthn:extension:prf: true, webauthn:virtualAuthenticators: true}
Element: [[ChromeDriver: chrome on windows (f7a2f42da49272b56534815146d833a3)] -&amp;gt; xpath: //div[contains(@class,&amp;apos;h_account&amp;apos;)]//a]
Session ID: f7a2f42da49272b56534815146d833a3">
      <![CDATA[org.openqa.selenium.ElementClickInterceptedException: element click intercepted: Element <a href="https://rxpeptides.webgen.me/my-account/">...</a> is not clickable at point (1191, 32). Other element would receive the click: <div class="age-gate__background">...</div>
  (Session info: chrome=131.0.6778.140)
Build info: version: '4.29.0', revision: '5fc1ec94cb'
System info: os.name: 'Windows 11', os.arch: 'amd64', os.version: '10.0', java.version: '17.0.12'
Driver info: org.openqa.selenium.chrome.ChromeDriver
Command: [f7a2f42da49272b56534815146d833a3, clickElement {id=f.7D26B25978670B3E0EF4CA1CDDF4AE0A.d.B6FA2581FC820C2109E21578743BE0A3.e.48}]
Capabilities {acceptInsecureCerts: false, browserName: chrome, browserVersion: 131.0.6778.140, chrome: {chromedriverVersion: 131.0.6778.264 (2d05e315153..., userDataDir: C:\Users\user\AppData\Local...}, fedcm:accounts: true, goog:chromeOptions: {debuggerAddress: localhost:62641}, networkConnectionEnabled: false, pageLoadStrategy: normal, platformName: windows, proxy: Proxy(), se:cdp: ws://localhost:62641/devtoo..., se:cdpVersion: 131.0.6778.140, setWindowRect: true, strictFileInteractability: false, timeouts: {implicit: 0, pageLoad: 300000, script: 30000}, unhandledPromptBehavior: dismiss and notify, webauthn:extension:credBlob: true, webauthn:extension:largeBlob: true, webauthn:extension:minPinLength: true, webauthn:extension:prf: true, webauthn:virtualAuthenticators: true}
Element: [[ChromeDriver: chrome on windows (f7a2f42da49272b56534815146d833a3)] -> xpath: //div[contains(@class,'h_account')]//a]
Session ID: f7a2f42da49272b56534815146d833a3
at org.openqa.selenium.remote.ErrorCodec.decode(ErrorCodec.java:167)
at org.openqa.selenium.remote.codec.w3c.W3CHttpResponseCodec.decode(W3CHttpResponseCodec.java:138)
at org.openqa.selenium.remote.codec.w3c.W3CHttpResponseCodec.decode(W3CHttpResponseCodec.java:50)
at org.openqa.selenium.remote.HttpCommandExecutor.execute(HttpCommandExecutor.java:215)
at org.openqa.selenium.remote.service.DriverCommandExecutor.invokeExecute(DriverCommandExecutor.java:216)
at org.openqa.selenium.remote.service.DriverCommandExecutor.execute(DriverCommandExecutor.java:174)
at org.openqa.selenium.remote.RemoteWebDriver.execute(RemoteWebDriver.java:545)
at org.openqa.selenium.remote.RemoteWebElement.execute(RemoteWebElement.java:223)
at org.openqa.selenium.remote.RemoteWebElement.click(RemoteWebElement.java:76)
at rxPeptideTestCases.LogoutTest.logoutTest(LogoutTest.java:16)
at java.base/java.util.ArrayList.forEach(ArrayList.java:1511)
... Removed 32 stack frames]]>
    </failure>
  </testcase> <!-- logoutTest -->
</testsuite> <!-- Test -->
