<?xml version="1.0" encoding="UTF-8"?>
<!-- Generated by org.testng.reporters.JUnitXMLReporter -->
<testsuite ignored="0" hostname="DESKTOP-19LVQHB" failures="1" tests="2" name="dpTest" time="19.638" errors="0" timestamp="2025-06-05T12:03:09 IST">
  <testcase classname="tipsAndTricks.LoginTestUsingDataProvider" name="loginTest" time="11.439"/>
  <testcase classname="tipsAndTricks.LoginTestUsingDataProvider" name="loginTest" time="19.546">
    <failure type="java.lang.AssertionError" message="expected [true] but found [false]">
      <![CDATA[java.lang.AssertionError: expected [true] but found [false]
at tipsAndTricks.LoginTestUsingDataProvider.loginTest(LoginTestUsingDataProvider.java:31)
at java.base/java.util.concurrent.ThreadPoolExecutor.runWorker(ThreadPoolExecutor.java:1136)
at java.base/java.util.concurrent.ThreadPoolExecutor$Worker.run(ThreadPoolExecutor.java:635)
at java.base/java.lang.Thread.run(Thread.java:842)
... Removed 13 stack frames]]>
    </failure>
  </testcase> <!-- loginTest -->
</testsuite> <!-- dpTest -->
