<?xml version="1.0" encoding="UTF-8"?>
<testng-results ignored="0" total="1" passed="1" failed="0" skipped="0">
  <reporter-output>
  </reporter-output>
  <suite started-at="2025-06-09T15:50:05 IST" name="Default suite" finished-at="2025-06-09T15:50:52 IST" duration-ms="46669">
    <groups>
    </groups>
    <test started-at="2025-06-09T15:50:05 IST" name="Default test" finished-at="2025-06-09T15:50:52 IST" duration-ms="46669">
      <class name="rxPeptideTestCases.AddToCartTest">
        <test-method is-config="true" signature="beforeClass()[pri:0, instance:rxPeptideTestCases.AddToCartTest@5542c4ed]" started-at="2025-06-09T15:50:05 IST" name="beforeClass" finished-at="2025-06-09T15:50:27 IST" duration-ms="21572" status="PASS">
          <reporter-output>
          </reporter-output>
        </test-method> <!-- beforeClass -->
        <test-method signature="addToCartTest()[pri:0, instance:rxPeptideTestCases.AddToCartTest@5542c4ed]" started-at="2025-06-09T15:50:27 IST" name="addToCartTest" finished-at="2025-06-09T15:50:49 IST" duration-ms="22449" status="PASS">
          <reporter-output>
          </reporter-output>
        </test-method> <!-- addToCartTest -->
        <test-method is-config="true" signature="afterClass()[pri:0, instance:rxPeptideTestCases.AddToCartTest@5542c4ed]" started-at="2025-06-09T15:50:49 IST" name="afterClass" finished-at="2025-06-09T15:50:52 IST" duration-ms="2571" status="PASS">
          <reporter-output>
          </reporter-output>
        </test-method> <!-- afterClass -->
      </class> <!-- rxPeptideTestCases.AddToCartTest -->
    </test> <!-- Default test -->
  </suite> <!-- Default suite -->
</testng-results>
